<?xml version="1.0" encoding="UTF-8"?>
<!-- Generated by org.testng.reporters.JUnitReportReporter -->
<testsuite hostname="DESKTOP-IH2AHV7" failures="0" tests="2" name="test.SignupTest" time="24.994" errors="0" timestamp="2022-05-18T23:54:40 IST" skipped="0">
  <testcase classname="test.SignupTest" name="Signuppagevalidation" time="10.948"/>
  <system-out/>
  <testcase classname="test.SignupTest" name="loginwithvalidcredentials" time="14.046"/>
  <system-out/>
</testsuite> <!-- test.SignupTest -->
