<?xml version="1.0" encoding="UTF-8"?>
<!-- Generated by org.testng.reporters.JUnitReportReporter -->
<testsuite hostname="DESKTOP-IH2AHV7" failures="0" tests="1" name="test.Crossbrowser" time="11.389" errors="0" timestamp="2022-05-20T10:31:33 IST" skipped="0">
  <testcase classname="test.Crossbrowser" name="crossbrowsertest" time="11.389"/>
  <system-out/>
</testsuite> <!-- test.Crossbrowser -->
