<?xml version="1.0" encoding="UTF-8"?>
<!-- Generated by org.testng.reporters.JUnitReportReporter -->
<testsuite hostname="DESKTOP-IH2AHV7" failures="0" tests="1" name="test.HomepageTest" time="13.032" errors="0" timestamp="2022-05-18T23:54:40 IST" skipped="0">
  <testcase classname="test.HomepageTest" name="loginwithvalidcredentials" time="13.032"/>
  <system-out/>
</testsuite> <!-- test.HomepageTest -->
